<?xml version="1.0" encoding="UTF-8"?>
<!-- Generated by org.testng.reporters.JUnitReportReporter -->
<testsuite hostname="DESKTOP-A0I3M4H" failures="0" tests="1" name="testCases.TC_002_LoginTest" time="1.365" errors="0" timestamp="2025-07-14T16:48:40 IST" skipped="0">
  <testcase classname="testCases.TC_002_LoginTest" name="verify_login" time="1.365"/>
</testsuite> <!-- testCases.TC_002_LoginTest -->
