<?xml version="1.0" encoding="UTF-8"?>
<!-- Generated by org.testng.reporters.JUnitReportReporter -->
<testsuite hostname="DESKTOP-A0I3M4H" failures="0" tests="1" name="testCases.TC_002_LoginTest" time="1.571" errors="0" timestamp="2025-07-14T16:51:05 IST" skipped="0">
  <testcase classname="testCases.TC_002_LoginTest" name="verify_login" time="1.571"/>
</testsuite> <!-- testCases.TC_002_LoginTest -->
