<?xml version="1.0" encoding="UTF-8"?>
<!-- Generated by org.testng.reporters.JUnitReportReporter -->
<testsuite hostname="DESKTOP-A0I3M4H" failures="0" tests="1" name="testCases.TC_001_AccountRegistrationTest" time="2.709" errors="0" timestamp="2025-07-14T16:30:12 IST" skipped="0">
  <testcase classname="testCases.TC_001_AccountRegistrationTest" name="verify_accountRegistration" time="2.709"/>
</testsuite> <!-- testCases.TC_001_AccountRegistrationTest -->
